Generated at 2015-02-11 18:23:48 +0100
Errno::ENOENT: package[ntp] (op::default line 2) had an error: Errno::ENOENT: No such file or directory - port installed ntp
/Users/raul/.rvm/gems/ruby-1.9.3-p392/gems/chef-11.14.6/lib/chef/mixin/command/unix.rb:105:in `exec'
/Users/raul/.rvm/gems/ruby-1.9.3-p392/gems/chef-11.14.6/lib/chef/mixin/command/unix.rb:105:in `block in popen4'
/Users/raul/.rvm/gems/ruby-1.9.3-p392/gems/chef-11.14.6/lib/chef/mixin/command/unix.rb:67:in `fork'
/Users/raul/.rvm/gems/ruby-1.9.3-p392/gems/chef-11.14.6/lib/chef/mixin/command/unix.rb:67:in `popen4'
/Users/raul/.rvm/gems/ruby-1.9.3-p392/gems/chef-11.14.6/lib/chef/provider/package/macports.rb:90:in `get_response_from_command'
/Users/raul/.rvm/gems/ruby-1.9.3-p392/gems/chef-11.14.6/lib/chef/provider/package/macports.rb:25:in `current_installed_version'
/Users/raul/.rvm/gems/ruby-1.9.3-p392/gems/chef-11.14.6/lib/chef/provider/package/macports.rb:9:in `load_current_resource'
/Users/raul/.rvm/gems/ruby-1.9.3-p392/gems/chef-11.14.6/lib/chef/provider.rb:104:in `run_action'
/Users/raul/.rvm/gems/ruby-1.9.3-p392/gems/chef-11.14.6/lib/chef/resource.rb:648:in `run_action'
/Users/raul/.rvm/gems/ruby-1.9.3-p392/gems/chef-11.14.6/lib/chef/runner.rb:49:in `run_action'
/Users/raul/.rvm/gems/ruby-1.9.3-p392/gems/chef-11.14.6/lib/chef/runner.rb:81:in `block (2 levels) in converge'
/Users/raul/.rvm/gems/ruby-1.9.3-p392/gems/chef-11.14.6/lib/chef/runner.rb:81:in `each'
/Users/raul/.rvm/gems/ruby-1.9.3-p392/gems/chef-11.14.6/lib/chef/runner.rb:81:in `block in converge'
/Users/raul/.rvm/gems/ruby-1.9.3-p392/gems/chef-11.14.6/lib/chef/resource_collection.rb:98:in `block in execute_each_resource'
/Users/raul/.rvm/gems/ruby-1.9.3-p392/gems/chef-11.14.6/lib/chef/resource_collection/stepable_iterator.rb:116:in `call'
/Users/raul/.rvm/gems/ruby-1.9.3-p392/gems/chef-11.14.6/lib/chef/resource_collection/stepable_iterator.rb:116:in `call_iterator_block'
/Users/raul/.rvm/gems/ruby-1.9.3-p392/gems/chef-11.14.6/lib/chef/resource_collection/stepable_iterator.rb:85:in `step'
/Users/raul/.rvm/gems/ruby-1.9.3-p392/gems/chef-11.14.6/lib/chef/resource_collection/stepable_iterator.rb:104:in `iterate'
/Users/raul/.rvm/gems/ruby-1.9.3-p392/gems/chef-11.14.6/lib/chef/resource_collection/stepable_iterator.rb:55:in `each_with_index'
/Users/raul/.rvm/gems/ruby-1.9.3-p392/gems/chef-11.14.6/lib/chef/resource_collection.rb:96:in `execute_each_resource'
/Users/raul/.rvm/gems/ruby-1.9.3-p392/gems/chef-11.14.6/lib/chef/runner.rb:80:in `converge'
/Users/raul/.rvm/gems/ruby-1.9.3-p392/gems/chef-11.14.6/lib/chef/client.rb:345:in `converge'
/Users/raul/.rvm/gems/ruby-1.9.3-p392/gems/chef-11.14.6/lib/chef/client.rb:431:in `do_run'
/Users/raul/.rvm/gems/ruby-1.9.3-p392/gems/chef-11.14.6/lib/chef/client.rb:213:in `block in run'
/Users/raul/.rvm/gems/ruby-1.9.3-p392/gems/chef-11.14.6/lib/chef/client.rb:207:in `fork'
/Users/raul/.rvm/gems/ruby-1.9.3-p392/gems/chef-11.14.6/lib/chef/client.rb:207:in `run'
/Users/raul/.rvm/gems/ruby-1.9.3-p392/gems/chef-11.14.6/lib/chef/application.rb:236:in `run_chef_client'
/Users/raul/.rvm/gems/ruby-1.9.3-p392/gems/chef-11.14.6/lib/chef/application/solo.rb:226:in `block in run_application'
/Users/raul/.rvm/gems/ruby-1.9.3-p392/gems/chef-11.14.6/lib/chef/application/solo.rb:218:in `loop'
/Users/raul/.rvm/gems/ruby-1.9.3-p392/gems/chef-11.14.6/lib/chef/application/solo.rb:218:in `run_application'
/Users/raul/.rvm/gems/ruby-1.9.3-p392/gems/chef-11.14.6/lib/chef/application.rb:55:in `run'
/Users/raul/.rvm/gems/ruby-1.9.3-p392/gems/chef-11.14.6/bin/chef-solo:25:in `<top (required)>'
/usr/bin/chef-solo:23:in `load'
/usr/bin/chef-solo:23:in `<main>'